Flow report for final_design
Thu May 26 21:15:27 2022
Quartus II Version 8.1 Build 163 10/28/2008 SJ Web Edition


---------------------
; Table of Contents ;
---------------------
  1. Legal Notice
  2. Flow Summary
  3. Flow Settings
  4. Flow Non-Default Global Settings
  5. Flow Elapsed Time
  6. Flow OS Summary
  7. Flow Log



----------------
; Legal Notice ;
----------------
Copyright (C) 1991-2008 Altera Corporation
Your use of Altera Corporation's design tools, logic functions 
and other software and tools, and its AMPP partner logic 
functions, and any output files from any of the foregoing 
(including device programming or simulation files), and any 
associated documentation or information are expressly subject 
to the terms and conditions of the Altera Program License 
Subscription Agreement, Altera MegaCore Function License 
Agreement, or other applicable license agreement, including, 
without limitation, that your use is for the sole purpose of 
programming logic devices manufactured by Altera and sold by 
Altera or its authorized distributors.  Please refer to the 
applicable agreement for further details.



+------------------------------------------------------------------------------+
; Flow Summary                                                                 ;
+------------------------------------+-----------------------------------------+
; Flow Status                        ; Successful - Thu May 26 21:15:26 2022   ;
; Quartus II Version                 ; 8.1 Build 163 10/28/2008 SJ Web Edition ;
; Revision Name                      ; final_design                            ;
; Top-level Entity Name              ; final_design                            ;
; Family                             ; Cyclone II                              ;
; Device                             ; EP2C8Q208C7                             ;
; Timing Models                      ; Final                                   ;
; Met timing requirements            ; No                                      ;
; Total logic elements               ; 149 / 8,256 ( 2 % )                     ;
;     Total combinational functions  ; 123 / 8,256 ( 1 % )                     ;
;     Dedicated logic registers      ; 85 / 8,256 ( 1 % )                      ;
; Total registers                    ; 85                                      ;
; Total pins                         ; 68 / 138 ( 49 % )                       ;
; Total virtual pins                 ; 0                                       ;
; Total memory bits                  ; 0 / 165,888 ( 0 % )                     ;
; Embedded Multiplier 9-bit elements ; 0 / 36 ( 0 % )                          ;
; Total PLLs                         ; 0 / 2 ( 0 % )                           ;
+------------------------------------+-----------------------------------------+


+-----------------------------------------+
; Flow Settings                           ;
+-------------------+---------------------+
; Option            ; Setting             ;
+-------------------+---------------------+
; Start date & time ; 05/26/2022 21:14:55 ;
; Main task         ; Compilation         ;
; Revision Name     ; final_design        ;
+-------------------+---------------------+


+--------------------------------------------------------------------------------------------------------------------------------------+
; Flow Non-Default Global Settings                                                                                                     ;
+------------------------------------+--------------------------------------------------+---------------+-------------+----------------+
; Assignment Name                    ; Value                                            ; Default Value ; Entity Name ; Section Id     ;
+------------------------------------+--------------------------------------------------+---------------+-------------+----------------+
; COMPILER_SIGNATURE_ID              ; 109952948873397.165357089401348                  ; --            ; --          ; --             ;
; MAX_CORE_JUNCTION_TEMP             ; 85                                               ; --            ; --          ; --             ;
; MIN_CORE_JUNCTION_TEMP             ; 0                                                ; --            ; --          ; --             ;
; MISC_FILE                          ; D:/quartus/quartus/final_design/final_design.dpf ; --            ; --          ; --             ;
; MISC_FILE                          ; E:/¼Æ×é¿ÎÉè/final_design/final_design.dpf        ; --            ; --          ; --             ;
; PARTITION_COLOR                    ; 16764057                                         ; --            ; --          ; Top            ;
; PARTITION_NETLIST_TYPE             ; SOURCE                                           ; --            ; --          ; Top            ;
; SEARCH_PATH                        ; 333                                              ; --            ; --          ; --             ;
; USE_GENERATED_PHYSICAL_CONSTRAINTS ; Off                                              ; --            ; --          ; eda_blast_fpga ;
+------------------------------------+--------------------------------------------------+---------------+-------------+----------------+


+-----------------------------------------------------------------------------------------------------------------------------+
; Flow Elapsed Time                                                                                                           ;
+-------------------------+--------------+-------------------------+---------------------+------------------------------------+
; Module Name             ; Elapsed Time ; Average Processors Used ; Peak Virtual Memory ; Total CPU Time (on all processors) ;
+-------------------------+--------------+-------------------------+---------------------+------------------------------------+
; Analysis & Synthesis    ; 00:00:10     ; 1.0                     ; 196 MB              ; 00:00:04                           ;
; Fitter                  ; 00:00:03     ; 1.0                     ; 207 MB              ; 00:00:02                           ;
; Assembler               ; 00:00:04     ; 1.0                     ; 185 MB              ; 00:00:01                           ;
; Classic Timing Analyzer ; 00:00:03     ; 1.0                     ; 145 MB              ; 00:00:01                           ;
; Total                   ; 00:00:20     ; --                      ; --                  ; 00:00:08                           ;
+-------------------------+--------------+-------------------------+---------------------+------------------------------------+


+------------------------------------------------------------------------------------------+
; Flow OS Summary                                                                          ;
+-------------------------+------------------+---------------+------------+----------------+
; Module Name             ; Machine Hostname ; OS Name       ; OS Version ; Processor type ;
+-------------------------+------------------+---------------+------------+----------------+
; Analysis & Synthesis    ; stu403-6         ; Windows Vista ; 6.1        ; i686           ;
; Fitter                  ; stu403-6         ; Windows Vista ; 6.1        ; i686           ;
; Assembler               ; stu403-6         ; Windows Vista ; 6.1        ; i686           ;
; Classic Timing Analyzer ; stu403-6         ; Windows Vista ; 6.1        ; i686           ;
+-------------------------+------------------+---------------+------------+----------------+


------------
; Flow Log ;
------------
quartus_map --read_settings_files=on --write_settings_files=off final_design -c final_design
quartus_fit --read_settings_files=off --write_settings_files=off final_design -c final_design
quartus_asm --read_settings_files=off --write_settings_files=off final_design -c final_design
quartus_tan --read_settings_files=off --write_settings_files=off final_design -c final_design --timing_analysis_only



