Analysis & Synthesis report for final_design
Thu May 26 21:15:07 2022
Quartus II Version 8.1 Build 163 10/28/2008 SJ Web Edition


---------------------
; Table of Contents ;
---------------------
  1. Legal Notice
  2. Analysis & Synthesis Summary
  3. Analysis & Synthesis Settings
  4. Analysis & Synthesis Source Files Read
  5. Analysis & Synthesis Resource Usage Summary
  6. Analysis & Synthesis Resource Utilization by Entity
  7. General Register Statistics
  8. Multiplexer Restructuring Statistics (Restructuring Performed)
  9. Parameter Settings for User Entity Instance: counter_bus:uPC|uPC:inst|74161:inst
 10. Parameter Settings for User Entity Instance: counter_bus:uPC|uPC:inst|74161:inst1
 11. Analysis & Synthesis Messages



----------------
; Legal Notice ;
----------------
Copyright (C) 1991-2008 Altera Corporation
Your use of Altera Corporation's design tools, logic functions 
and other software and tools, and its AMPP partner logic 
functions, and any output files from any of the foregoing 
(including device programming or simulation files), and any 
associated documentation or information are expressly subject 
to the terms and conditions of the Altera Program License 
Subscription Agreement, Altera MegaCore Function License 
Agreement, or other applicable license agreement, including, 
without limitation, that your use is for the sole purpose of 
programming logic devices manufactured by Altera and sold by 
Altera or its authorized distributors.  Please refer to the 
applicable agreement for further details.



+------------------------------------------------------------------------------+
; Analysis & Synthesis Summary                                                 ;
+------------------------------------+-----------------------------------------+
; Analysis & Synthesis Status        ; Successful - Thu May 26 21:15:06 2022   ;
; Quartus II Version                 ; 8.1 Build 163 10/28/2008 SJ Web Edition ;
; Revision Name                      ; final_design                            ;
; Top-level Entity Name              ; final_design                            ;
; Family                             ; Cyclone II                              ;
; Total logic elements               ; 122                                     ;
;     Total combinational functions  ; 122                                     ;
;     Dedicated logic registers      ; 85                                      ;
; Total registers                    ; 85                                      ;
; Total pins                         ; 68                                      ;
; Total virtual pins                 ; 0                                       ;
; Total memory bits                  ; 0                                       ;
; Embedded Multiplier 9-bit elements ; 0                                       ;
; Total PLLs                         ; 0                                       ;
+------------------------------------+-----------------------------------------+


+----------------------------------------------------------------------------------------------------------+
; Analysis & Synthesis Settings                                                                            ;
+----------------------------------------------------------------+--------------------+--------------------+
; Option                                                         ; Setting            ; Default Value      ;
+----------------------------------------------------------------+--------------------+--------------------+
; Device                                                         ; EP2C8Q208C7        ;                    ;
; Top-level entity name                                          ; final_design       ; final_design       ;
; Family name                                                    ; Cyclone II         ; Stratix II         ;
; Use Generated Physical Constraints File                        ; Off                ;                    ;
; Use smart compilation                                          ; Off                ; Off                ;
; Restructure Multiplexers                                       ; Auto               ; Auto               ;
; Create Debugging Nodes for IP Cores                            ; Off                ; Off                ;
; Preserve fewer node names                                      ; On                 ; On                 ;
; Disable OpenCore Plus hardware evaluation                      ; Off                ; Off                ;
; Verilog Version                                                ; Verilog_2001       ; Verilog_2001       ;
; VHDL Version                                                   ; VHDL93             ; VHDL93             ;
; State Machine Processing                                       ; Auto               ; Auto               ;
; Safe State Machine                                             ; Off                ; Off                ;
; Extract Verilog State Machines                                 ; On                 ; On                 ;
; Extract VHDL State Machines                                    ; On                 ; On                 ;
; Ignore Verilog initial constructs                              ; Off                ; Off                ;
; Iteration limit for constant Verilog loops                     ; 5000               ; 5000               ;
; Iteration limit for non-constant Verilog loops                 ; 250                ; 250                ;
; Add Pass-Through Logic to Inferred RAMs                        ; On                 ; On                 ;
; Parallel Synthesis                                             ; Off                ; Off                ;
; DSP Block Balancing                                            ; Auto               ; Auto               ;
; NOT Gate Push-Back                                             ; On                 ; On                 ;
; Power-Up Don't Care                                            ; On                 ; On                 ;
; Remove Redundant Logic Cells                                   ; Off                ; Off                ;
; Remove Duplicate Registers                                     ; On                 ; On                 ;
; Ignore CARRY Buffers                                           ; Off                ; Off                ;
; Ignore CASCADE Buffers                                         ; Off                ; Off                ;
; Ignore GLOBAL Buffers                                          ; Off                ; Off                ;
; Ignore ROW GLOBAL Buffers                                      ; Off                ; Off                ;
; Ignore LCELL Buffers                                           ; Off                ; Off                ;
; Ignore SOFT Buffers                                            ; On                 ; On                 ;
; Limit AHDL Integers to 32 Bits                                 ; Off                ; Off                ;
; Optimization Technique                                         ; Balanced           ; Balanced           ;
; Carry Chain Length                                             ; 70                 ; 70                 ;
; Auto Carry Chains                                              ; On                 ; On                 ;
; Auto Open-Drain Pins                                           ; On                 ; On                 ;
; Perform WYSIWYG Primitive Resynthesis                          ; Off                ; Off                ;
; Perform gate-level register retiming                           ; Off                ; Off                ;
; Allow register retiming to trade off Tsu/Tco with Fmax         ; On                 ; On                 ;
; Auto ROM Replacement                                           ; On                 ; On                 ;
; Auto RAM Replacement                                           ; On                 ; On                 ;
; Auto Shift Register Replacement                                ; Auto               ; Auto               ;
; Auto Clock Enable Replacement                                  ; On                 ; On                 ;
; Strict RAM Replacement                                         ; Off                ; Off                ;
; Allow Synchronous Control Signals                              ; On                 ; On                 ;
; Force Use of Synchronous Clear Signals                         ; Off                ; Off                ;
; Auto RAM to Logic Cell Conversion                              ; Off                ; Off                ;
; Auto Resource Sharing                                          ; Off                ; Off                ;
; Allow Any RAM Size For Recognition                             ; Off                ; Off                ;
; Allow Any ROM Size For Recognition                             ; Off                ; Off                ;
; Allow Any Shift Register Size For Recognition                  ; Off                ; Off                ;
; Use LogicLock Constraints during Resource Balancing            ; On                 ; On                 ;
; Ignore translate_off and synthesis_off directives              ; Off                ; Off                ;
; Show Parameter Settings Tables in Synthesis Report             ; On                 ; On                 ;
; Ignore Maximum Fan-Out Assignments                             ; Off                ; Off                ;
; Synchronization Register Chain Length                          ; 2                  ; 2                  ;
; PowerPlay Power Optimization                                   ; Normal compilation ; Normal compilation ;
; HDL message level                                              ; Level2             ; Level2             ;
; Suppress Register Optimization Related Messages                ; Off                ; Off                ;
; Number of Removed Registers Reported in Synthesis Report       ; 100                ; 100                ;
; Number of Inverted Registers Reported in Synthesis Report      ; 100                ; 100                ;
; Clock MUX Protection                                           ; On                 ; On                 ;
; Auto Gated Clock Conversion                                    ; Off                ; Off                ;
; Block Design Naming                                            ; Auto               ; Auto               ;
; SDC constraint protection                                      ; Off                ; Off                ;
; Synthesis Effort                                               ; Auto               ; Auto               ;
; Allows Asynchronous Clear Usage For Shift Register Replacement ; On                 ; On                 ;
; Analysis & Synthesis Message Level                             ; Medium             ; Medium             ;
+----------------------------------------------------------------+--------------------+--------------------+


+-----------------------------------------------------------------------------------------------------------------------------------------------------+
; Analysis & Synthesis Source Files Read                                                                                                              ;
+----------------------------------+-----------------+------------------------------------+-----------------------------------------------------------+
; File Name with User-Entered Path ; Used in Netlist ; File Type                          ; File Name with Absolute Path                              ;
+----------------------------------+-----------------+------------------------------------+-----------------------------------------------------------+
; final_design.bdf                 ; yes             ; User Block Diagram/Schematic File  ; E:/计组课设/final_design/final_design.bdf                 ;
; 333/reg8.bdf                     ; yes             ; User Block Diagram/Schematic File  ; E:/计组课设/final_design/333/reg8.bdf                     ;
; BUSed/alu_bus.bdf                ; yes             ; User Block Diagram/Schematic File  ; E:/计组课设/final_design/BUSed/alu_bus.bdf                ;
; BUSed/reg8_bus.bdf               ; yes             ; User Block Diagram/Schematic File  ; E:/计组课设/final_design/BUSed/reg8_bus.bdf               ;
; 333/uPC.bdf                      ; yes             ; User Block Diagram/Schematic File  ; E:/计组课设/final_design/333/uPC.bdf                      ;
; 333/my_start.bdf                 ; yes             ; User Block Diagram/Schematic File  ; E:/计组课设/final_design/333/my_start.bdf                 ;
; 333/alu.bdf                      ; yes             ; User Block Diagram/Schematic File  ; E:/计组课设/final_design/333/alu.bdf                      ;
; 333/3-8.bdf                      ; yes             ; User Block Diagram/Schematic File  ; E:/计组课设/final_design/333/3-8.bdf                      ;
; 333/2-4.bdf                      ; yes             ; User Block Diagram/Schematic File  ; E:/计组课设/final_design/333/2-4.bdf                      ;
; BUSed/counter_bus.bdf            ; yes             ; User Block Diagram/Schematic File  ; E:/计组课设/final_design/BUSed/counter_bus.bdf            ;
; 333/3_state_1_gate.bdf           ; yes             ; User Block Diagram/Schematic File  ; E:/计组课设/final_design/333/3_state_1_gate.bdf           ;
; BUSed/3_state_1_gate_bus.bdf     ; yes             ; User Block Diagram/Schematic File  ; E:/计组课设/final_design/BUSed/3_state_1_gate_bus.bdf     ;
; 333/3_state_2_gate.bdf           ; yes             ; User Block Diagram/Schematic File  ; E:/计组课设/final_design/333/3_state_2_gate.bdf           ;
; BUSed/3_state_2_gate_bus.bdf     ; yes             ; User Block Diagram/Schematic File  ; E:/计组课设/final_design/BUSed/3_state_2_gate_bus.bdf     ;
; 333/selector2.bdf                ; yes             ; User Block Diagram/Schematic File  ; E:/计组课设/final_design/333/selector2.bdf                ;
; BUSed/selector2_bus.bdf          ; yes             ; User Block Diagram/Schematic File  ; E:/计组课设/final_design/BUSed/selector2_bus.bdf          ;
; BUSed/selector4_bus.bdf          ; yes             ; User Block Diagram/Schematic File  ; E:/计组课设/final_design/BUSed/selector4_bus.bdf          ;
; BUSed/selector_halfa.bdf         ; yes             ; User Block Diagram/Schematic File  ; E:/计组课设/final_design/BUSed/selector_halfa.bdf         ;
; BUSed/3-8_bus.bdf                ; yes             ; User Block Diagram/Schematic File  ; E:/计组课设/final_design/BUSed/3-8_bus.bdf                ;
; 74181.bdf                        ; yes             ; Megafunction                       ; c:/altera/81/quartus/libraries/others/maxplus2/74181.bdf  ;
; 74182.bdf                        ; yes             ; Megafunction                       ; c:/altera/81/quartus/libraries/others/maxplus2/74182.bdf  ;
; 74138.bdf                        ; yes             ; Megafunction                       ; c:/altera/81/quartus/libraries/others/maxplus2/74138.bdf  ;
; 74161.tdf                        ; yes             ; Megafunction                       ; c:/altera/81/quartus/libraries/others/maxplus2/74161.tdf  ;
; aglobal.inc                      ; yes             ; Megafunction                       ; c:/altera/81/quartus/libraries/megafunctions/aglobal.inc  ;
; f74161.bdf                       ; yes             ; Megafunction                       ; c:/altera/81/quartus/libraries/others/maxplus2/f74161.bdf ;
+----------------------------------+-----------------+------------------------------------+-----------------------------------------------------------+


+-----------------------------------------------------+
; Analysis & Synthesis Resource Usage Summary         ;
+---------------------------------------------+-------+
; Resource                                    ; Usage ;
+---------------------------------------------+-------+
; Estimated Total logic elements              ; 122   ;
;                                             ;       ;
; Total combinational functions               ; 122   ;
; Logic element usage by number of LUT inputs ;       ;
;     -- 4 input functions                    ; 81    ;
;     -- 3 input functions                    ; 31    ;
;     -- <=2 input functions                  ; 10    ;
;                                             ;       ;
; Logic elements by mode                      ;       ;
;     -- normal mode                          ; 122   ;
;     -- arithmetic mode                      ; 0     ;
;                                             ;       ;
; Total registers                             ; 85    ;
;     -- Dedicated logic registers            ; 85    ;
;     -- I/O registers                        ; 0     ;
;                                             ;       ;
; I/O pins                                    ; 68    ;
; Maximum fan-out node                        ; CLR   ;
; Maximum fan-out                             ; 77    ;
; Total fan-out                               ; 752   ;
; Average fan-out                             ; 2.73  ;
+---------------------------------------------+-------+


+---------------------------------------------------------------------------------------------------------------------------------------------------------------------------------------------------------------------------+
; Analysis & Synthesis Resource Utilization by Entity                                                                                                                                                                       ;
+--------------------------------+-------------------+--------------+-------------+--------------+---------+-----------+------+--------------+---------------------------------------------------------------+--------------+
; Compilation Hierarchy Node     ; LC Combinationals ; LC Registers ; Memory Bits ; DSP Elements ; DSP 9x9 ; DSP 18x18 ; Pins ; Virtual Pins ; Full Hierarchy Name                                           ; Library Name ;
+--------------------------------+-------------------+--------------+-------------+--------------+---------+-----------+------+--------------+---------------------------------------------------------------+--------------+
; |final_design                  ; 122 (63)          ; 85 (0)       ; 0           ; 0            ; 0       ; 0         ; 68   ; 0            ; |final_design                                                 ; work         ;
;    |2-4:inst88|                ; 1 (1)             ; 0 (0)        ; 0           ; 0            ; 0       ; 0         ; 0    ; 0            ; |final_design|2-4:inst88                                      ; work         ;
;    |3_state_1_gate_bus:inst94| ; 8 (0)             ; 0 (0)        ; 0           ; 0            ; 0       ; 0         ; 0    ; 0            ; |final_design|3_state_1_gate_bus:inst94                       ; work         ;
;       |3_state_1_gate:inst|    ; 8 (8)             ; 0 (0)        ; 0           ; 0            ; 0       ; 0         ; 0    ; 0            ; |final_design|3_state_1_gate_bus:inst94|3_state_1_gate:inst   ; work         ;
;    |alu_bus:inst8|             ; 27 (0)            ; 0 (0)        ; 0           ; 0            ; 0       ; 0         ; 0    ; 0            ; |final_design|alu_bus:inst8                                   ; work         ;
;       |alu:inst|               ; 27 (6)            ; 0 (0)        ; 0           ; 0            ; 0       ; 0         ; 0    ; 0            ; |final_design|alu_bus:inst8|alu:inst                          ; work         ;
;          |74181:inst3|         ; 13 (13)           ; 0 (0)        ; 0           ; 0            ; 0       ; 0         ; 0    ; 0            ; |final_design|alu_bus:inst8|alu:inst|74181:inst3              ; work         ;
;          |74181:inst|          ; 5 (5)             ; 0 (0)        ; 0           ; 0            ; 0       ; 0         ; 0    ; 0            ; |final_design|alu_bus:inst8|alu:inst|74181:inst               ; work         ;
;          |74182:inst2|         ; 3 (3)             ; 0 (0)        ; 0           ; 0            ; 0       ; 0         ; 0    ; 0            ; |final_design|alu_bus:inst8|alu:inst|74182:inst2              ; work         ;
;    |counter_bus:uPC|           ; 22 (0)            ; 8 (0)        ; 0           ; 0            ; 0       ; 0         ; 0    ; 0            ; |final_design|counter_bus:uPC                                 ; work         ;
;       |uPC:inst|               ; 22 (0)            ; 8 (0)        ; 0           ; 0            ; 0       ; 0         ; 0    ; 0            ; |final_design|counter_bus:uPC|uPC:inst                        ; work         ;
;          |74161:inst1|         ; 14 (0)            ; 4 (0)        ; 0           ; 0            ; 0       ; 0         ; 0    ; 0            ; |final_design|counter_bus:uPC|uPC:inst|74161:inst1            ; work         ;
;             |f74161:sub|       ; 14 (14)           ; 4 (4)        ; 0           ; 0            ; 0       ; 0         ; 0    ; 0            ; |final_design|counter_bus:uPC|uPC:inst|74161:inst1|f74161:sub ; work         ;
;          |74161:inst|          ; 8 (0)             ; 4 (0)        ; 0           ; 0            ; 0       ; 0         ; 0    ; 0            ; |final_design|counter_bus:uPC|uPC:inst|74161:inst             ; work         ;
;             |f74161:sub|       ; 8 (8)             ; 4 (4)        ; 0           ; 0            ; 0       ; 0         ; 0    ; 0            ; |final_design|counter_bus:uPC|uPC:inst|74161:inst|f74161:sub  ; work         ;
;    |my_start:inst|             ; 1 (1)             ; 1 (1)        ; 0           ; 0            ; 0       ; 0         ; 0    ; 0            ; |final_design|my_start:inst                                   ; work         ;
;    |reg8:SIG|                  ; 0 (0)             ; 4 (4)        ; 0           ; 0            ; 0       ; 0         ; 0    ; 0            ; |final_design|reg8:SIG                                        ; work         ;
;    |reg8_bus:I_R|              ; 0 (0)             ; 8 (0)        ; 0           ; 0            ; 0       ; 0         ; 0    ; 0            ; |final_design|reg8_bus:I_R                                    ; work         ;
;       |reg8:inst1|             ; 0 (0)             ; 8 (8)        ; 0           ; 0            ; 0       ; 0         ; 0    ; 0            ; |final_design|reg8_bus:I_R|reg8:inst1                         ; work         ;
;    |reg8_bus:MAR|              ; 0 (0)             ; 8 (0)        ; 0           ; 0            ; 0       ; 0         ; 0    ; 0            ; |final_design|reg8_bus:MAR                                    ; work         ;
;       |reg8:inst1|             ; 0 (0)             ; 8 (8)        ; 0           ; 0            ; 0       ; 0         ; 0    ; 0            ; |final_design|reg8_bus:MAR|reg8:inst1                         ; work         ;
;    |reg8_bus:MDR|              ; 0 (0)             ; 8 (0)        ; 0           ; 0            ; 0       ; 0         ; 0    ; 0            ; |final_design|reg8_bus:MDR                                    ; work         ;
;       |reg8:inst1|             ; 0 (0)             ; 8 (8)        ; 0           ; 0            ; 0       ; 0         ; 0    ; 0            ; |final_design|reg8_bus:MDR|reg8:inst1                         ; work         ;
;    |reg8_bus:PC|               ; 0 (0)             ; 8 (0)        ; 0           ; 0            ; 0       ; 0         ; 0    ; 0            ; |final_design|reg8_bus:PC                                     ; work         ;
;       |reg8:inst1|             ; 0 (0)             ; 8 (8)        ; 0           ; 0            ; 0       ; 0         ; 0    ; 0            ; |final_design|reg8_bus:PC|reg8:inst1                          ; work         ;
;    |reg8_bus:R0|               ; 0 (0)             ; 8 (0)        ; 0           ; 0            ; 0       ; 0         ; 0    ; 0            ; |final_design|reg8_bus:R0                                     ; work         ;
;       |reg8:inst1|             ; 0 (0)             ; 8 (8)        ; 0           ; 0            ; 0       ; 0         ; 0    ; 0            ; |final_design|reg8_bus:R0|reg8:inst1                          ; work         ;
;    |reg8_bus:R1|               ; 0 (0)             ; 8 (0)        ; 0           ; 0            ; 0       ; 0         ; 0    ; 0            ; |final_design|reg8_bus:R1                                     ; work         ;
;       |reg8:inst1|             ; 0 (0)             ; 8 (8)        ; 0           ; 0            ; 0       ; 0         ; 0    ; 0            ; |final_design|reg8_bus:R1|reg8:inst1                          ; work         ;
;    |reg8_bus:R2|               ; 0 (0)             ; 8 (0)        ; 0           ; 0            ; 0       ; 0         ; 0    ; 0            ; |final_design|reg8_bus:R2                                     ; work         ;
;       |reg8:inst1|             ; 0 (0)             ; 8 (8)        ; 0           ; 0            ; 0       ; 0         ; 0    ; 0            ; |final_design|reg8_bus:R2|reg8:inst1                          ; work         ;
;    |reg8_bus:R3|               ; 0 (0)             ; 8 (0)        ; 0           ; 0            ; 0       ; 0         ; 0    ; 0            ; |final_design|reg8_bus:R3                                     ; work         ;
;       |reg8:inst1|             ; 0 (0)             ; 8 (8)        ; 0           ; 0            ; 0       ; 0         ; 0    ; 0            ; |final_design|reg8_bus:R3|reg8:inst1                          ; work         ;
;    |reg8_bus:inst9|            ; 0 (0)             ; 8 (0)        ; 0           ; 0            ; 0       ; 0         ; 0    ; 0            ; |final_design|reg8_bus:inst9                                  ; work         ;
;       |reg8:inst1|             ; 0 (0)             ; 8 (8)        ; 0           ; 0            ; 0       ; 0         ; 0    ; 0            ; |final_design|reg8_bus:inst9|reg8:inst1                       ; work         ;
+--------------------------------+-------------------+--------------+-------------+--------------+---------+-----------+------+--------------+---------------------------------------------------------------+--------------+
Note: For table entries with two numbers listed, the numbers in parentheses indicate the number of resources of the given type used by the specific entity alone. The numbers listed outside of parentheses indicate the total resources of the given type used by the specific entity and all of its sub-entities in the hierarchy.


+------------------------------------------------------+
; General Register Statistics                          ;
+----------------------------------------------+-------+
; Statistic                                    ; Value ;
+----------------------------------------------+-------+
; Total registers                              ; 85    ;
; Number of registers using Synchronous Clear  ; 4     ;
; Number of registers using Synchronous Load   ; 4     ;
; Number of registers using Asynchronous Clear ; 77    ;
; Number of registers using Asynchronous Load  ; 0     ;
; Number of registers using Clock Enable       ; 0     ;
; Number of registers using Preset             ; 0     ;
+----------------------------------------------+-------+


+----------------------------------------------------------------------------------------------------------------------------------------------------+
; Multiplexer Restructuring Statistics (Restructuring Performed)                                                                                     ;
+--------------------+-----------+---------------+----------------------+------------------------+------------+--------------------------------------+
; Multiplexer Inputs ; Bus Width ; Baseline Area ; Area if Restructured ; Saving if Restructured ; Registered ; Example Multiplexer Output           ;
+--------------------+-----------+---------------+----------------------+------------------------+------------+--------------------------------------+
; 8:1                ; 8 bits    ; 40 LEs        ; 16 LEs               ; 24 LEs                 ; No         ; |final_design|3_state_1_gate_bus:B~1 ;
+--------------------+-----------+---------------+----------------------+------------------------+------------+--------------------------------------+


+----------------------------------------------------------------------------------+
; Parameter Settings for User Entity Instance: counter_bus:uPC|uPC:inst|74161:inst ;
+------------------------+------------+--------------------------------------------+
; Parameter Name         ; Value      ; Type                                       ;
+------------------------+------------+--------------------------------------------+
; DEVICE_FAMILY          ; Cyclone II ; Untyped                                    ;
; AUTO_CARRY_CHAINS      ; ON         ; AUTO_CARRY                                 ;
; IGNORE_CARRY_BUFFERS   ; OFF        ; IGNORE_CARRY                               ;
; AUTO_CASCADE_CHAINS    ; ON         ; AUTO_CASCADE                               ;
; IGNORE_CASCADE_BUFFERS ; OFF        ; IGNORE_CASCADE                             ;
+------------------------+------------+--------------------------------------------+
Note: In order to hide this table in the UI and the text report file, please set the "Show Parameter Settings Tables in Synthesis Report" option in "Analysis and Synthesis Settings -> More Settings" to "Off".


+-----------------------------------------------------------------------------------+
; Parameter Settings for User Entity Instance: counter_bus:uPC|uPC:inst|74161:inst1 ;
+------------------------+------------+---------------------------------------------+
; Parameter Name         ; Value      ; Type                                        ;
+------------------------+------------+---------------------------------------------+
; DEVICE_FAMILY          ; Cyclone II ; Untyped                                     ;
; AUTO_CARRY_CHAINS      ; ON         ; AUTO_CARRY                                  ;
; IGNORE_CARRY_BUFFERS   ; OFF        ; IGNORE_CARRY                                ;
; AUTO_CASCADE_CHAINS    ; ON         ; AUTO_CASCADE                                ;
; IGNORE_CASCADE_BUFFERS ; OFF        ; IGNORE_CASCADE                              ;
+------------------------+------------+---------------------------------------------+
Note: In order to hide this table in the UI and the text report file, please set the "Show Parameter Settings Tables in Synthesis Report" option in "Analysis and Synthesis Settings -> More Settings" to "Off".


+-------------------------------+
; Analysis & Synthesis Messages ;
+-------------------------------+
Info: *******************************************************************
Info: Running Quartus II Analysis & Synthesis
    Info: Version 8.1 Build 163 10/28/2008 SJ Web Edition
    Info: Processing started: Thu May 26 21:14:53 2022
Info: Command: quartus_map --read_settings_files=on --write_settings_files=off final_design -c final_design
Info: Found 1 design units, including 1 entities, in source file final_design.bdf
    Info: Found entity 1: final_design
Info: Found 1 design units, including 1 entities, in source file 333/reg8.bdf
    Info: Found entity 1: reg8
Info: Found 1 design units, including 1 entities, in source file BUSed/alu_bus.bdf
    Info: Found entity 1: alu_bus
Info: Found 1 design units, including 1 entities, in source file BUSed/reg8_bus.bdf
    Info: Found entity 1: reg8_bus
Info: Found 1 design units, including 1 entities, in source file 333/uPC.bdf
    Info: Found entity 1: uPC
Info: Found 1 design units, including 1 entities, in source file 333/my_start.bdf
    Info: Found entity 1: my_start
Info: Found 1 design units, including 1 entities, in source file 333/alu.bdf
    Info: Found entity 1: alu
Info: Found 1 design units, including 1 entities, in source file 333/3-8.bdf
    Info: Found entity 1: 3-8
Info: Found 1 design units, including 1 entities, in source file 333/2-4.bdf
    Info: Found entity 1: 2-4
Info: Found 1 design units, including 1 entities, in source file BUSed/counter_bus.bdf
    Info: Found entity 1: counter_bus
Info: Found 1 design units, including 1 entities, in source file 333/3_state_1_gate.bdf
    Info: Found entity 1: 3_state_1_gate
Info: Found 1 design units, including 1 entities, in source file BUSed/3_state_1_gate_bus.bdf
    Info: Found entity 1: 3_state_1_gate_bus
Info: Found 1 design units, including 1 entities, in source file 333/3_state_2_gate.bdf
    Info: Found entity 1: 3_state_2_gate
Info: Found 1 design units, including 1 entities, in source file BUSed/3_state_2_gate_bus.bdf
    Info: Found entity 1: 3_state_2_gate_bus
Info: Found 1 design units, including 1 entities, in source file 333/selector2.bdf
    Info: Found entity 1: selector2
Info: Found 1 design units, including 1 entities, in source file BUSed/selector2_bus.bdf
    Info: Found entity 1: selector2_bus
Info: Found 1 design units, including 1 entities, in source file BUSed/selector4_bus.bdf
    Info: Found entity 1: selector4_bus
Info: Found 1 design units, including 1 entities, in source file BUSed/selector_halfa.bdf
    Info: Found entity 1: selector_halfa
Info: Found 1 design units, including 1 entities, in source file BUSed/3-8_bus.bdf
    Info: Found entity 1: 3-8_bus
Info: Elaborating entity "final_design" for the top level hierarchy
Info: Elaborating entity "reg8" for hierarchy "reg8:SIG"
Info: Elaborating entity "my_start" for hierarchy "my_start:inst"
Info: Elaborating entity "alu_bus" for hierarchy "alu_bus:inst8"
Info: Elaborating entity "alu" for hierarchy "alu_bus:inst8|alu:inst"
Info: Elaborating entity "74181" for hierarchy "alu_bus:inst8|alu:inst|74181:inst"
Info: Elaborated megafunction instantiation "alu_bus:inst8|alu:inst|74181:inst"
Info: Elaborating entity "74182" for hierarchy "alu_bus:inst8|alu:inst|74182:inst2"
Info: Elaborated megafunction instantiation "alu_bus:inst8|alu:inst|74182:inst2"
Info: Elaborating entity "3_state_1_gate_bus" for hierarchy "3_state_1_gate_bus:inst31"
Info: Elaborating entity "3_state_1_gate" for hierarchy "3_state_1_gate_bus:inst31|3_state_1_gate:inst"
Info: Elaborating entity "2-4" for hierarchy "2-4:selA"
Info: Elaborating entity "reg8_bus" for hierarchy "reg8_bus:PC"
Info: Elaborating entity "3-8_bus" for hierarchy "3-8_bus:inst72"
Info: Elaborating entity "3-8" for hierarchy "3-8_bus:inst72|3-8:inst"
Info: Elaborating entity "74138" for hierarchy "3-8_bus:inst72|3-8:inst|74138:inst"
Info: Elaborated megafunction instantiation "3-8_bus:inst72|3-8:inst|74138:inst"
Info: Elaborating entity "selector4_bus" for hierarchy "selector4_bus:inst3"
Info: Elaborating entity "selector2_bus" for hierarchy "selector4_bus:inst3|selector2_bus:inst2"
Info: Elaborating entity "selector2" for hierarchy "selector4_bus:inst3|selector2_bus:inst2|selector2:inst"
Info: Elaborating entity "3_state_2_gate_bus" for hierarchy "3_state_2_gate_bus:inst29"
Info: Elaborating entity "3_state_2_gate" for hierarchy "3_state_2_gate_bus:inst29|3_state_2_gate:inst"
Info: Elaborating entity "counter_bus" for hierarchy "counter_bus:uPC"
Info: Elaborating entity "uPC" for hierarchy "counter_bus:uPC|uPC:inst"
Info: Elaborating entity "74161" for hierarchy "counter_bus:uPC|uPC:inst|74161:inst"
Info: Elaborated megafunction instantiation "counter_bus:uPC|uPC:inst|74161:inst"
Info: Elaborating entity "f74161" for hierarchy "counter_bus:uPC|uPC:inst|74161:inst|f74161:sub"
Info: Elaborated megafunction instantiation "counter_bus:uPC|uPC:inst|74161:inst|f74161:sub", which is child of megafunction instantiation "counter_bus:uPC|uPC:inst|74161:inst"
Info: Elaborating entity "74161" for hierarchy "counter_bus:uPC|uPC:inst|74161:inst1"
Info: Elaborated megafunction instantiation "counter_bus:uPC|uPC:inst|74161:inst1"
Info: Elaborating entity "selector_halfa" for hierarchy "selector_halfa:inst46"
Info: Ignored 38 buffer(s)
    Info: Ignored 8 CARRY buffer(s)
    Info: Ignored 30 SOFT buffer(s)
Warning: Tri-state node(s) do not directly drive top-level pin(s)
    Warning: Converted tri-state node feeding "alu_bus:inst8|alu:inst|inst6" into a selector
    Warning: Converted tri-state node feeding "alu_bus:inst8|alu:inst|74181:inst3|19" into a selector
    Warning: Converted tri-state node feeding "alu_bus:inst8|alu:inst|74181:inst3|14" into a selector
    Warning: Converted tri-state node feeding "alu_bus:inst8|alu:inst|74181:inst3|9" into a selector
    Warning: Converted tri-state node feeding "alu_bus:inst8|alu:inst|74181:inst|24" into a selector
    Warning: Converted tri-state node feeding "alu_bus:inst8|alu:inst|74181:inst|19" into a selector
    Warning: Converted tri-state node feeding "alu_bus:inst8|alu:inst|74181:inst|14" into a selector
    Warning: Converted tri-state node feeding "alu_bus:inst8|alu:inst|74181:inst|9" into a selector
    Warning: Converted tri-state node feeding "alu_bus:inst8|alu:inst|inst6" into a selector
    Warning: Converted tri-state node feeding "alu_bus:inst8|alu:inst|74181:inst3|19" into a selector
    Warning: Converted tri-state node feeding "alu_bus:inst8|alu:inst|74181:inst3|14" into a selector
    Warning: Converted tri-state node feeding "alu_bus:inst8|alu:inst|74181:inst3|9" into a selector
    Warning: Converted tri-state node feeding "alu_bus:inst8|alu:inst|74181:inst|24" into a selector
    Warning: Converted tri-state node feeding "alu_bus:inst8|alu:inst|74181:inst|19" into a selector
    Warning: Converted tri-state node feeding "alu_bus:inst8|alu:inst|74181:inst|14" into a selector
    Warning: Converted tri-state node feeding "alu_bus:inst8|alu:inst|74181:inst|9" into a selector
Warning: Always-enabled tri-state buffer(s) removed
    Warning: Converted the fanout from the always-enabled tri-state buffer "3_state_1_gate_bus:inst94|3_state_1_gate:inst|inst16" to the node "reg8_bus:MDR|reg8:inst1|inst8" into a wire
    Warning: Converted the fanout from the always-enabled tri-state buffer "3_state_1_gate_bus:inst94|3_state_1_gate:inst|inst15" to the node "reg8_bus:MDR|reg8:inst1|inst7" into a wire
    Warning: Converted the fanout from the always-enabled tri-state buffer "3_state_1_gate_bus:inst94|3_state_1_gate:inst|inst14" to the node "reg8_bus:MDR|reg8:inst1|inst5" into a wire
    Warning: Converted the fanout from the always-enabled tri-state buffer "3_state_1_gate_bus:inst94|3_state_1_gate:inst|inst13" to the node "reg8_bus:MDR|reg8:inst1|inst4" into a wire
    Warning: Converted the fanout from the always-enabled tri-state buffer "3_state_1_gate_bus:inst94|3_state_1_gate:inst|inst12" to the node "reg8_bus:MDR|reg8:inst1|inst3" into a wire
    Warning: Converted the fanout from the always-enabled tri-state buffer "3_state_1_gate_bus:inst94|3_state_1_gate:inst|inst11" to the node "reg8_bus:MDR|reg8:inst1|inst" into a wire
    Warning: Converted the fanout from the always-enabled tri-state buffer "3_state_1_gate_bus:inst94|3_state_1_gate:inst|inst10" to the node "reg8_bus:MDR|reg8:inst1|inst6" into a wire
    Warning: Converted the fanout from the always-enabled tri-state buffer "3_state_1_gate_bus:inst94|3_state_1_gate:inst|inst17" to the node "reg8_bus:MDR|reg8:inst1|inst9" into a wire
Warning: Output pins are stuck at VCC or GND
    Warning (13410): Pin "uRD" is stuck at GND
Info: Implemented 256 device resources after synthesis - the final resource count might be different
    Info: Implemented 26 input pins
    Info: Implemented 34 output pins
    Info: Implemented 8 bidirectional pins
    Info: Implemented 188 logic cells
Info: Quartus II Analysis & Synthesis was successful. 0 errors, 28 warnings
    Info: Peak virtual memory: 196 megabytes
    Info: Processing ended: Thu May 26 21:15:07 2022
    Info: Elapsed time: 00:00:14
    Info: Total CPU time (on all processors): 00:00:04


